[37mdebug[39m: Error debug: GET en /api/products - 6:21:34 ☺
[32mhttp[39m: Error http: GET en /api/products - 6:21:34 ☺
[36minfo[39m: Error info: GET en /api/products - 6:21:34 ☺
[34mwarning[39m: Error warning: GET en /api/products - 6:21:34 ☺
[33merror[39m: Error error: GET en /api/products - 6:21:34 ☺
[37mdebug[39m: Error debug: GET en /api/products - 6:22:00 ☺
[32mhttp[39m: Error http: GET en /api/products - 6:22:00 ☺
[36minfo[39m: Error info: GET en /api/products - 6:22:00 ☺
[34mwarning[39m: Error warning: GET en /api/products - 6:22:00 ☺
[33merror[39m: Error error: GET en /api/products - 6:22:00 ☺
[37mdebug[39m: Error debug: GET en /api/products - 20:51:24 ☺
[32mhttp[39m: Error http: GET en /api/products - 20:51:24 ☺
[36minfo[39m: Error info: GET en /api/products - 20:51:24 ☺
[34mwarning[39m: Error warning: GET en /api/products - 20:51:24 ☺
[33merror[39m: Error error: GET en /api/products - 20:51:24 ☺
[37mdebug[39m: Error debug: POST en /api/products - 20:52:11 ☺
[32mhttp[39m: Error http: POST en /api/products - 20:52:11 ☺
[36minfo[39m: Error info: POST en /api/products - 20:52:11 ☺
[34mwarning[39m: Error warning: POST en /api/products - 20:52:11 ☺
[33merror[39m: Error error: POST en /api/products - 20:52:11 ☺
[37mdebug[39m: Error debug: POST en /api/products - 20:52:32 ☺
[32mhttp[39m: Error http: POST en /api/products - 20:52:32 ☺
[36minfo[39m: Error info: POST en /api/products - 20:52:32 ☺
[34mwarning[39m: Error warning: POST en /api/products - 20:52:32 ☺
[33merror[39m: Error error: POST en /api/products - 20:52:32 ☺
